0 silly argv {
0 silly argv   _: [ 'create' ],
0 silly argv   lernaVersion: '8.1.5',
0 silly argv   '$0': '/Users/herat/Documents/Repo/practice/AI/node_modules/.bin/lerna',
0 silly argv   name: 'ui'
0 silly argv }
1 notice cli v8.1.5
2 verbose packageConfigs Resolving packages based on package.json "workspaces" configuration.
3 verbose rootPath /Users/herat/Documents/Repo/practice/AI
4 info versioning independent
5 error Error: canceled
5 error     at Interface.<anonymous> (/Users/herat/Documents/Repo/practice/AI/node_modules/read/dist/commonjs/read.js:89:21)
5 error     at Interface.emit (node:events:520:28)
5 error     at [_ttyWrite] [as _ttyWrite] (node:internal/readline/interface:1125:18)
5 error     at ReadStream.onkeypress (node:internal/readline/interface:264:20)
5 error     at ReadStream.emit (node:events:520:28)
5 error     at emitKeys (node:internal/readline/utils:371:14)
5 error     at emitKeys.next (<anonymous>)
5 error     at ReadStream.onData (node:internal/readline/emitKeypressEvents:64:36)
5 error     at ReadStream.emit (node:events:520:28)
